[debug] [2024-08-05T10:03:38.794Z] ----------------------------------------------------------------------
[debug] [2024-08-05T10:03:38.797Z] Command:       /nix/store/aspnwxp3q1wvg8jd1zg0295zmhr3lkb3-nodejs-18.19.1/bin/node /nix/store/pf4ama10fsjb161xrxgsyqi21qm10wc6-firebase-tools-13.13.1/lib/node_modules/firebase-tools/lib/bin/firebase.js init hosting
[debug] [2024-08-05T10:03:38.798Z] CLI Version:   13.13.1
[debug] [2024-08-05T10:03:38.798Z] Platform:      linux
[debug] [2024-08-05T10:03:38.798Z] Node Version:  v18.19.1
[debug] [2024-08-05T10:03:38.799Z] Time:          Mon Aug 05 2024 10:03:38 GMT+0000 (Coordinated Universal Time)
[debug] [2024-08-05T10:03:38.799Z] ----------------------------------------------------------------------
[debug] 
[debug] [2024-08-05T10:03:38.808Z] > command requires scopes: ["email","openid","https://www.googleapis.com/auth/cloudplatformprojects.readonly","https://www.googleapis.com/auth/firebase","https://www.googleapis.com/auth/cloud-platform"]
[debug] [2024-08-05T10:03:38.809Z] > authorizing via signed-in user (jerry1996619@gmail.com)
[info] 
     ######## #### ########  ######## ########     ###     ######  ########
     ##        ##  ##     ## ##       ##     ##  ##   ##  ##       ##
     ######    ##  ########  ######   ########  #########  ######  ######
     ##        ##  ##    ##  ##       ##     ## ##     ##       ## ##
     ##       #### ##     ## ######## ########  ##     ##  ######  ########

You're about to initialize a Firebase project in this directory:

  /home/user/flask-app

[info] 
=== Project Setup
[info] 
[info] First, let's associate this project directory with a Firebase project.
[info] You can create multiple project aliases by running firebase use --add, 
[info] but for now we'll just set up a default project.
[info] 
[debug] [2024-08-05T10:03:43.185Z] >>> [apiv2][query] GET https://firebase.googleapis.com/v1beta1/projects pageSize=100
[debug] [2024-08-05T10:03:43.682Z] <<< [apiv2][status] GET https://firebase.googleapis.com/v1beta1/projects 200
[debug] [2024-08-05T10:03:43.682Z] <<< [apiv2][body] GET https://firebase.googleapis.com/v1beta1/projects [omitted]
[info] i  Using project uniai-11aa3 (uniai) 
[info] 
=== Hosting Setup
[debug] [2024-08-05T10:03:44.764Z] >>> [apiv2][query] GET https://firebase.googleapis.com/v1beta1/projects/uniai-11aa3 [none]
[debug] [2024-08-05T10:03:44.978Z] <<< [apiv2][status] GET https://firebase.googleapis.com/v1beta1/projects/uniai-11aa3 200
[debug] [2024-08-05T10:03:44.978Z] <<< [apiv2][body] GET https://firebase.googleapis.com/v1beta1/projects/uniai-11aa3 {"projectId":"uniai-11aa3","projectNumber":"134485552374","displayName":"uniai","name":"projects/uniai-11aa3","resources":{"hostingSite":"uniai-11aa3"},"state":"ACTIVE","etag":"1_b8ba4b4d-4547-4bef-9086-542196c83542"}
[info] 
[info] i  Didn't detect a .git folder. Assuming /home/user/flask-app is the project root. 
[info] i  Authorizing with GitHub to upload your service account to a GitHub repository's secrets store. 
[info] 
[info] Visit this URL on this device to log in:
[info] https://github.com/login/oauth/authorize?client_id=89cf50f02ac6aaed3484&state=494937380&redirect_uri=http%3A%2F%2Flocalhost%3A9005&scope=read%3Auser%20repo%20public_repo
[info] 
[info] Waiting for authentication...
